  Hakaton.cpp
C:\Users\admin\source\repos\Hakaton\Hakaton\Hakaton.cpp(120,30): warning C4244: =: преобразование "double" в "int", возможна потеря данных
C:\Users\admin\source\repos\Hakaton\Hakaton\Hakaton.cpp(121,33): warning C4244: =: преобразование "double" в "int", возможна потеря данных
C:\Users\admin\source\repos\Hakaton\Hakaton\Hakaton.cpp(122,23): warning C4244: =: преобразование "double" в "int", возможна потеря данных
C:\Users\admin\source\repos\Hakaton\Hakaton\Hakaton.cpp(123,33): warning C4244: =: преобразование "double" в "int", возможна потеря данных
C:\Users\admin\source\repos\Hakaton\Hakaton\Hakaton.cpp(124,19): warning C4244: =: преобразование "double" в "int", возможна потеря данных
C:\Users\admin\source\repos\Hakaton\Hakaton\Hakaton.cpp(133,27): warning C4244: =: преобразование "double" в "int", возможна потеря данных
C:\Users\admin\source\repos\Hakaton\Hakaton\Hakaton.cpp(134,33): warning C4244: =: преобразование "double" в "int", возможна потеря данных
C:\Users\admin\source\repos\Hakaton\Hakaton\Hakaton.cpp(135,23): warning C4244: =: преобразование "double" в "int", возможна потеря данных
C:\Users\admin\source\repos\Hakaton\Hakaton\Hakaton.cpp(136,33): warning C4244: =: преобразование "double" в "int", возможна потеря данных
C:\Users\admin\source\repos\Hakaton\Hakaton\Hakaton.cpp(137,19): warning C4244: =: преобразование "double" в "int", возможна потеря данных
C:\Users\admin\source\repos\Hakaton\Hakaton\Hakaton.cpp(145,28): warning C4244: =: преобразование "double" в "unsigned long", возможна потеря данных
C:\Users\admin\source\repos\Hakaton\Hakaton\Hakaton.cpp(146,34): warning C4244: =: преобразование "double" в "int", возможна потеря данных
C:\Users\admin\source\repos\Hakaton\Hakaton\Hakaton.cpp(147,24): warning C4244: =: преобразование "double" в "int", возможна потеря данных
C:\Users\admin\source\repos\Hakaton\Hakaton\Hakaton.cpp(148,34): warning C4244: =: преобразование "double" в "int", возможна потеря данных
C:\Users\admin\source\repos\Hakaton\Hakaton\Hakaton.cpp(149,20): warning C4244: =: преобразование "double" в "int", возможна потеря данных
  Создание кода
  1 of 10 functions (10.0%) were compiled, the rest were copied from previous compilation.
    0 functions were new in current compilation
    0 functions had inline decision re-evaluated but remain unchanged
  Создание кода завершено
  Hakaton.vcxproj -> C:\Users\admin\source\repos\Hakaton\Release\Hakaton.exe
